# cluster file
# automatically generated on: Thu Feb 10 10:45:26 2022
# mode: rmsd, filetype: pdb, lsqfit: 0, selmode: heavy
@cluster t has 25 elements, 5 subclusters
1 1
2 10
3 11
4 12
5 13
6 14
7 15
8 16
9 17
10 18
11 19
12 2
13 20
14 21
15 22
16 23
17 24
18 25
19 3
20 4
21 5
22 6
23 7
24 8
25 9
@cluster t.1 has 1 elements, 0 subclusters
1 1 0.000000
@cluster t.2 has 14 elements, 0 subclusters
2 10 0.167841
4 12 0.311863
5 13 0.144516
8 16 0.505818
10 18 0.194497
11 19 0.179231
12 2 0.326192
14 21 0.645980
17 24 0.157267
19 3 0.154507
20 4 0.589239
21 5 0.499580
24 8 0.249138
25 9 0.339859
@cluster t.3 has 7 elements, 0 subclusters
3 11 0.206487
6 14 0.274262
7 15 0.252166
13 20 0.341219
15 22 0.539704
16 23 0.263881
18 25 0.532499
@cluster t.4 has 1 elements, 0 subclusters
9 17 0.000000
@cluster t.5 has 2 elements, 0 subclusters
22 6 0.464132
23 7 0.464132
