# cluster file
# automatically generated on: Tue Jun 21 11:39:57 2022
# mode: rmsd, filetype: pdb, lsqfit: 0, selmode: heavy
@cluster t has 25 elements, 8 subclusters
1 1
2 10
3 11
4 12
5 13
6 14
7 15
8 16
9 17
10 18
11 19
12 2
13 20
14 21
15 22
16 23
17 24
18 25
19 3
20 4
21 5
22 6
23 7
24 8
25 9
@cluster t.1 has 4 elements, 0 subclusters
1 1 0.263238
3 11 0.401296
11 19 0.385272
21 5 0.355681
@cluster t.2 has 3 elements, 0 subclusters
2 10 0.550560
6 14 0.459164
24 8 0.294515
@cluster t.3 has 3 elements, 0 subclusters
4 12 0.338643
16 23 0.237845
20 4 0.549075
@cluster t.4 has 2 elements, 0 subclusters
5 13 0.314348
10 18 0.314348
@cluster t.5 has 4 elements, 0 subclusters
7 15 0.254401
14 21 0.243704
22 6 0.458062
25 9 0.562782
@cluster t.6 has 6 elements, 0 subclusters
8 16 0.337952
12 2 0.363745
15 22 0.746105
18 25 0.239276
19 3 0.243235
23 7 0.404623
@cluster t.7 has 2 elements, 0 subclusters
9 17 0.107583
17 24 0.107583
@cluster t.8 has 1 elements, 0 subclusters
13 20 0.000000
