# cluster file
# automatically generated on: Thu Feb 10 12:44:58 2022
# mode: rmsd, filetype: pdb, lsqfit: 0, selmode: heavy
@cluster t has 25 elements, 6 subclusters
1 1
2 10
3 11
4 12
5 13
6 14
7 15
8 16
9 17
10 18
11 19
12 2
13 20
14 21
15 22
16 23
17 24
18 25
19 3
20 4
21 5
22 6
23 7
24 8
25 9
@cluster t.1 has 1 elements, 0 subclusters
1 1 0.000000
@cluster t.2 has 1 elements, 0 subclusters
21 5 0.000000
@cluster t.3 has 13 elements, 0 subclusters
2 10 0.393934
3 11 0.503644
4 12 0.309839
5 13 0.935119
7 15 0.641150
10 18 0.272697
16 23 0.441374
17 24 0.661891
18 25 0.553993
20 4 0.389183
22 6 0.451870
24 8 0.288608
25 9 0.314589
@cluster t.4 has 2 elements, 0 subclusters
6 14 0.027905
12 2 0.027905
@cluster t.5 has 3 elements, 0 subclusters
8 16 0.634443
9 17 0.351723
19 3 0.604747
@cluster t.6 has 5 elements, 0 subclusters
11 19 0.502119
13 20 0.592664
14 21 0.787081
15 22 0.666952
23 7 0.448587
