# cluster file
# automatically generated on: Thu Feb 10 11:40:02 2022
# mode: rmsd, filetype: pdb, lsqfit: 0, selmode: heavy
@cluster t has 25 elements, 5 subclusters
1 1
2 10
3 11
4 12
5 13
6 14
7 15
8 16
9 17
10 18
11 19
12 2
13 20
14 21
15 22
16 23
17 24
18 25
19 3
20 4
21 5
22 6
23 7
24 8
25 9
@cluster t.1 has 21 elements, 0 subclusters
1 1 0.304288
2 10 0.520617
3 11 0.325887
4 12 0.329169
5 13 0.637746
7 15 0.275967
8 16 0.502996
9 17 0.311794
10 18 0.376468
11 19 0.339576
12 2 0.696972
13 20 0.397846
15 22 0.266672
16 23 0.433650
17 24 0.251368
18 25 0.499429
20 4 0.373004
21 5 0.497521
22 6 0.268266
23 7 0.329026
24 8 0.231766
@cluster t.2 has 1 elements, 0 subclusters
6 14 0.000000
@cluster t.3 has 1 elements, 0 subclusters
14 21 0.000000
@cluster t.4 has 1 elements, 0 subclusters
19 3 0.000000
@cluster t.5 has 1 elements, 0 subclusters
25 9 0.000000
