# cluster file
# automatically generated on: Thu Feb 10 10:56:22 2022
# mode: rmsd, filetype: pdb, lsqfit: 0, selmode: heavy
@cluster t has 25 elements, 6 subclusters
1 1
2 10
3 11
4 12
5 13
6 14
7 15
8 16
9 17
10 18
11 19
12 2
13 20
14 21
15 22
16 23
17 24
18 25
19 3
20 4
21 5
22 6
23 7
24 8
25 9
@cluster t.1 has 3 elements, 0 subclusters
1 1 0.368424
16 23 0.386560
25 9 0.532196
@cluster t.2 has 17 elements, 0 subclusters
2 10 0.276783
3 11 0.266044
4 12 0.609838
5 13 0.443747
6 14 0.915002
7 15 0.326026
8 16 0.877586
11 19 0.393657
13 20 0.529500
14 21 0.305855
15 22 0.262495
17 24 0.556351
18 25 0.349303
20 4 0.339689
21 5 0.372650
22 6 0.462950
23 7 0.310305
@cluster t.3 has 2 elements, 0 subclusters
9 17 0.132645
24 8 0.132645
@cluster t.4 has 1 elements, 0 subclusters
10 18 0.000000
@cluster t.5 has 1 elements, 0 subclusters
12 2 0.000000
@cluster t.6 has 1 elements, 0 subclusters
19 3 0.000000
