# cluster file
# automatically generated on: Thu Feb 10 12:35:15 2022
# mode: rmsd, filetype: pdb, lsqfit: 0, selmode: heavy
@cluster t has 25 elements, 20 subclusters
1 1
2 10
3 11
4 12
5 13
6 14
7 15
8 16
9 17
10 18
11 19
12 2
13 20
14 21
15 22
16 23
17 24
18 25
19 3
20 4
21 5
22 6
23 7
24 8
25 9
@cluster t.1 has 1 elements, 0 subclusters
1 1 0.000000
@cluster t.2 has 2 elements, 0 subclusters
2 10 0.452053
11 19 0.452053
@cluster t.3 has 2 elements, 0 subclusters
3 11 0.171361
14 21 0.171361
@cluster t.4 has 1 elements, 0 subclusters
4 12 0.000000
@cluster t.5 has 1 elements, 0 subclusters
5 13 0.000000
@cluster t.6 has 1 elements, 0 subclusters
6 14 0.000000
@cluster t.7 has 1 elements, 0 subclusters
7 15 0.000000
@cluster t.8 has 1 elements, 0 subclusters
8 16 0.000000
@cluster t.9 has 1 elements, 0 subclusters
9 17 0.000000
@cluster t.10 has 3 elements, 0 subclusters
10 18 0.487805
13 20 0.499042
25 9 0.407756
@cluster t.11 has 2 elements, 0 subclusters
12 2 0.449661
19 3 0.449661
@cluster t.12 has 1 elements, 0 subclusters
15 22 0.000000
@cluster t.13 has 1 elements, 0 subclusters
16 23 0.000000
@cluster t.14 has 1 elements, 0 subclusters
17 24 0.000000
@cluster t.15 has 1 elements, 0 subclusters
18 25 0.000000
@cluster t.16 has 1 elements, 0 subclusters
20 4 0.000000
@cluster t.17 has 1 elements, 0 subclusters
21 5 0.000000
@cluster t.18 has 1 elements, 0 subclusters
22 6 0.000000
@cluster t.19 has 1 elements, 0 subclusters
23 7 0.000000
@cluster t.20 has 1 elements, 0 subclusters
24 8 0.000000
