# cluster file
# automatically generated on: Thu Feb 10 12:16:48 2022
# mode: rmsd, filetype: pdb, lsqfit: 0, selmode: heavy
@cluster t has 25 elements, 8 subclusters
1 1
2 10
3 11
4 12
5 13
6 14
7 15
8 16
9 17
10 18
11 19
12 2
13 20
14 21
15 22
16 23
17 24
18 25
19 3
20 4
21 5
22 6
23 7
24 8
25 9
@cluster t.1 has 13 elements, 0 subclusters
1 1 0.392498
4 12 0.707794
8 16 0.383873
9 17 0.401968
10 18 0.433101
12 2 0.754155
14 21 0.385206
19 3 0.464797
20 4 0.201582
22 6 0.203537
23 7 0.327903
24 8 0.543435
25 9 0.434471
@cluster t.2 has 1 elements, 0 subclusters
2 10 0.000000
@cluster t.3 has 1 elements, 0 subclusters
3 11 0.000000
@cluster t.4 has 3 elements, 0 subclusters
5 13 0.283864
6 14 0.448747
7 15 0.388944
@cluster t.5 has 2 elements, 0 subclusters
11 19 0.228280
15 22 0.228280
@cluster t.6 has 1 elements, 0 subclusters
13 20 0.000000
@cluster t.7 has 3 elements, 0 subclusters
16 23 0.296250
18 25 0.256596
21 5 0.474261
@cluster t.8 has 1 elements, 0 subclusters
17 24 0.000000
