# cluster file
# automatically generated on: Thu Feb 10 11:06:13 2022
# mode: rmsd, filetype: pdb, lsqfit: 0, selmode: heavy
@cluster t has 25 elements, 1 subclusters
1 1
2 10
3 11
4 12
5 13
6 14
7 15
8 16
9 17
10 18
11 19
12 2
13 20
14 21
15 22
16 23
17 24
18 25
19 3
20 4
21 5
22 6
23 7
24 8
25 9
@cluster t.1 has 25 elements, 0 subclusters
1 1 0.471732
2 10 0.393406
3 11 0.310550
4 12 0.682942
5 13 0.742533
6 14 0.839708
7 15 0.545723
8 16 0.519629
9 17 0.354418
10 18 0.701391
11 19 0.441569
12 2 0.306097
13 20 0.407590
14 21 0.636530
15 22 0.306613
16 23 0.760713
17 24 0.505295
18 25 0.703847
19 3 0.478256
20 4 0.500295
21 5 0.298562
22 6 0.378262
23 7 0.493602
24 8 0.771586
25 9 0.547127
