# cluster file
# automatically generated on: Thu Feb 10 12:11:14 2022
# mode: rmsd, filetype: pdb, lsqfit: 0, selmode: heavy
@cluster t has 25 elements, 10 subclusters
1 1
2 10
3 11
4 12
5 13
6 14
7 15
8 16
9 17
10 18
11 19
12 2
13 20
14 21
15 22
16 23
17 24
18 25
19 3
20 4
21 5
22 6
23 7
24 8
25 9
@cluster t.1 has 2 elements, 0 subclusters
1 1 0.372878
11 19 0.372878
@cluster t.2 has 3 elements, 0 subclusters
2 10 0.292231
10 18 0.576621
18 25 0.338786
@cluster t.3 has 3 elements, 0 subclusters
3 11 0.345857
8 16 0.285774
20 4 0.171480
@cluster t.4 has 1 elements, 0 subclusters
4 12 0.000000
@cluster t.5 has 3 elements, 0 subclusters
5 13 0.196610
6 14 0.243453
22 6 0.392352
@cluster t.6 has 7 elements, 0 subclusters
7 15 0.237729
9 17 0.400375
13 20 0.185834
14 21 0.270909
16 23 0.187871
21 5 0.204328
25 9 0.186667
@cluster t.7 has 3 elements, 0 subclusters
12 2 0.491256
15 22 0.236354
19 3 0.271162
@cluster t.8 has 1 elements, 0 subclusters
17 24 0.000000
@cluster t.9 has 1 elements, 0 subclusters
23 7 0.000000
@cluster t.10 has 1 elements, 0 subclusters
24 8 0.000000
