# cluster file
# automatically generated on: Thu Feb 10 10:18:52 2022
# mode: rmsd, filetype: pdb, lsqfit: 0, selmode: heavy
@cluster t has 25 elements, 6 subclusters
1 1
2 10
3 11
4 12
5 13
6 14
7 15
8 16
9 17
10 18
11 19
12 2
13 20
14 21
15 22
16 23
17 24
18 25
19 3
20 4
21 5
22 6
23 7
24 8
25 9
@cluster t.1 has 5 elements, 0 subclusters
1 1 0.202171
7 15 0.232109
9 17 0.112521
13 20 0.116089
22 6 0.268333
@cluster t.2 has 10 elements, 0 subclusters
2 10 0.159861
4 12 0.256208
5 13 0.235892
6 14 0.139737
12 2 0.135781
15 22 0.148402
17 24 0.453904
20 4 0.255515
21 5 0.147206
23 7 0.206255
@cluster t.3 has 1 elements, 0 subclusters
3 11 0.000000
@cluster t.4 has 7 elements, 0 subclusters
8 16 0.259775
10 18 0.306182
11 19 0.249672
14 21 0.833230
16 23 0.148462
19 3 0.250003
24 8 0.272485
@cluster t.5 has 1 elements, 0 subclusters
25 9 0.000000
@cluster t.6 has 1 elements, 0 subclusters
18 25 0.000000
