# cluster file
# automatically generated on: Thu Feb 10 10:40:10 2022
# mode: rmsd, filetype: pdb, lsqfit: 0, selmode: heavy
@cluster t has 25 elements, 3 subclusters
1 1
2 10
3 11
4 12
5 13
6 14
7 15
8 16
9 17
10 18
11 19
12 2
13 20
14 21
15 22
16 23
17 24
18 25
19 3
20 4
21 5
22 6
23 7
24 8
25 9
@cluster t.1 has 18 elements, 0 subclusters
1 1 0.329951
3 11 0.588495
5 13 0.434200
6 14 0.652266
7 15 0.442169
8 16 0.362588
9 17 0.529538
10 18 0.569097
11 19 0.413982
12 2 0.310143
14 21 0.614798
16 23 0.554607
17 24 0.695706
19 3 0.812039
20 4 0.572329
22 6 0.468283
24 8 0.838194
25 9 0.636962
@cluster t.2 has 6 elements, 0 subclusters
2 10 0.532022
4 12 0.576981
13 20 0.474833
15 22 0.669096
18 25 0.431328
23 7 0.813081
@cluster t.3 has 1 elements, 0 subclusters
21 5 0.000000
