# cluster file
# automatically generated on: Thu Feb 10 10:34:08 2022
# mode: rmsd, filetype: pdb, lsqfit: 0, selmode: heavy
@cluster t has 25 elements, 3 subclusters
1 1
2 10
3 11
4 12
5 13
6 14
7 15
8 16
9 17
10 18
11 19
12 2
13 20
14 21
15 22
16 23
17 24
18 25
19 3
20 4
21 5
22 6
23 7
24 8
25 9
@cluster t.1 has 7 elements, 0 subclusters
1 1 0.071238
2 10 0.131846
8 16 0.087662
13 20 0.102989
15 22 0.260081
17 24 0.115991
22 6 0.214726
@cluster t.2 has 16 elements, 0 subclusters
3 11 0.305909
4 12 0.228099
6 14 0.164846
7 15 0.277717
9 17 0.132049
10 18 0.284587
11 19 0.510223
12 2 0.210354
14 21 0.149456
16 23 0.139484
18 25 0.355858
19 3 0.273632
20 4 0.296591
21 5 0.235919
23 7 0.283287
25 9 0.132300
@cluster t.3 has 2 elements, 0 subclusters
5 13 0.367606
24 8 0.367606
