# cluster file
# automatically generated on: Thu Feb 10 11:51:01 2022
# mode: rmsd, filetype: pdb, lsqfit: 0, selmode: heavy
@cluster t has 25 elements, 10 subclusters
1 1
2 10
3 11
4 12
5 13
6 14
7 15
8 16
9 17
10 18
11 19
12 2
13 20
14 21
15 22
16 23
17 24
18 25
19 3
20 4
21 5
22 6
23 7
24 8
25 9
@cluster t.1 has 6 elements, 0 subclusters
1 1 0.148747
14 21 0.161594
20 4 0.199531
21 5 0.352362
24 8 0.180332
25 9 0.358558
@cluster t.2 has 3 elements, 0 subclusters
2 10 0.570274
7 15 0.211783
15 22 0.459699
@cluster t.3 has 2 elements, 0 subclusters
3 11 0.192749
6 14 0.192749
@cluster t.4 has 1 elements, 0 subclusters
4 12 0.000000
@cluster t.5 has 4 elements, 0 subclusters
5 13 0.390166
10 18 0.598219
11 19 0.190507
12 2 0.306642
@cluster t.6 has 2 elements, 0 subclusters
8 16 0.368626
9 17 0.368626
@cluster t.7 has 3 elements, 0 subclusters
13 20 0.124133
16 23 0.049402
22 6 0.087003
@cluster t.8 has 2 elements, 0 subclusters
17 24 0.319959
19 3 0.319959
@cluster t.9 has 1 elements, 0 subclusters
18 25 0.000000
@cluster t.10 has 1 elements, 0 subclusters
23 7 0.000000
