# cluster file
# automatically generated on: Thu Feb 10 10:29:00 2022
# mode: rmsd, filetype: pdb, lsqfit: 0, selmode: heavy
@cluster t has 25 elements, 9 subclusters
1 1
2 10
3 11
4 12
5 13
6 14
7 15
8 16
9 17
10 18
11 19
12 2
13 20
14 21
15 22
16 23
17 24
18 25
19 3
20 4
21 5
22 6
23 7
24 8
25 9
@cluster t.1 has 5 elements, 0 subclusters
1 1 0.429410
5 13 0.205465
18 25 0.272254
21 5 0.520454
23 7 0.463461
@cluster t.2 has 9 elements, 0 subclusters
2 10 0.203081
3 11 0.309353
4 12 0.217217
9 17 0.204571
16 23 0.284586
19 3 0.242132
20 4 0.491151
24 8 0.214666
25 9 0.233643
@cluster t.3 has 1 elements, 0 subclusters
6 14 0.000000
@cluster t.4 has 1 elements, 0 subclusters
7 15 0.000000
@cluster t.5 has 3 elements, 0 subclusters
8 16 0.186313
12 2 0.053612
22 6 0.147964
@cluster t.6 has 2 elements, 0 subclusters
10 18 0.054154
15 22 0.054154
@cluster t.7 has 2 elements, 0 subclusters
11 19 0.307875
14 21 0.307875
@cluster t.8 has 1 elements, 0 subclusters
13 20 0.000000
@cluster t.9 has 1 elements, 0 subclusters
17 24 0.000000
