# cluster file
# automatically generated on: Thu Feb 10 10:50:38 2022
# mode: rmsd, filetype: pdb, lsqfit: 0, selmode: heavy
@cluster t has 25 elements, 7 subclusters
1 1
2 10
3 11
4 12
5 13
6 14
7 15
8 16
9 17
10 18
11 19
12 2
13 20
14 21
15 22
16 23
17 24
18 25
19 3
20 4
21 5
22 6
23 7
24 8
25 9
@cluster t.1 has 8 elements, 0 subclusters
1 1 0.523478
6 14 0.259081
7 15 0.270914
8 16 0.569119
12 2 0.326276
16 23 0.489988
18 25 0.226191
20 4 0.319661
@cluster t.2 has 6 elements, 0 subclusters
2 10 0.145327
3 11 0.152492
13 20 0.275501
15 22 0.162076
17 24 0.261508
25 9 0.166836
@cluster t.3 has 3 elements, 0 subclusters
4 12 0.240159
9 17 0.213474
19 3 0.056651
@cluster t.4 has 3 elements, 0 subclusters
5 13 0.425187
21 5 0.502231
22 6 0.156508
@cluster t.5 has 3 elements, 0 subclusters
10 18 0.271402
14 21 0.448891
24 8 0.185599
@cluster t.6 has 1 elements, 0 subclusters
11 19 0.000000
@cluster t.7 has 1 elements, 0 subclusters
23 7 0.000000
