# cluster file
# automatically generated on: Thu Feb 10 11:56:11 2022
# mode: rmsd, filetype: pdb, lsqfit: 0, selmode: heavy
@cluster t has 25 elements, 10 subclusters
1 1
2 10
3 11
4 12
5 13
6 14
7 15
8 16
9 17
10 18
11 19
12 2
13 20
14 21
15 22
16 23
17 24
18 25
19 3
20 4
21 5
22 6
23 7
24 8
25 9
@cluster t.1 has 11 elements, 0 subclusters
1 1 0.163125
3 11 0.241631
5 13 0.226241
7 15 0.223385
10 18 0.292770
13 20 0.208822
14 21 0.219951
16 23 0.159348
19 3 0.214661
22 6 0.298104
25 9 0.456436
@cluster t.2 has 4 elements, 0 subclusters
2 10 0.293210
8 16 0.143296
15 22 0.173266
21 5 0.453071
@cluster t.3 has 1 elements, 0 subclusters
4 12 0.000000
@cluster t.4 has 1 elements, 0 subclusters
6 14 0.000000
@cluster t.5 has 1 elements, 0 subclusters
9 17 0.000000
@cluster t.6 has 1 elements, 0 subclusters
11 19 0.000000
@cluster t.7 has 3 elements, 0 subclusters
12 2 0.071824
18 25 0.105128
24 8 0.123285
@cluster t.8 has 1 elements, 0 subclusters
17 24 0.000000
@cluster t.9 has 1 elements, 0 subclusters
20 4 0.000000
@cluster t.10 has 1 elements, 0 subclusters
23 7 0.000000
