# cluster file
# automatically generated on: Thu Feb 10 10:23:35 2022
# mode: rmsd, filetype: pdb, lsqfit: 0, selmode: heavy
@cluster t has 25 elements, 4 subclusters
1 1
2 10
3 11
4 12
5 13
6 14
7 15
8 16
9 17
10 18
11 19
12 2
13 20
14 21
15 22
16 23
17 24
18 25
19 3
20 4
21 5
22 6
23 7
24 8
25 9
@cluster t.1 has 9 elements, 0 subclusters
1 1 0.206719
8 16 0.306460
9 17 0.443987
12 2 0.188139
15 22 0.290060
17 24 0.185802
19 3 0.243375
24 8 0.184277
25 9 0.221850
@cluster t.2 has 3 elements, 0 subclusters
2 10 0.130866
7 15 0.243770
11 19 0.119812
@cluster t.3 has 12 elements, 0 subclusters
3 11 0.119688
4 12 0.100919
5 13 0.150376
6 14 0.261909
10 18 0.676506
13 20 0.043721
14 21 0.110457
16 23 0.088925
20 4 0.389444
21 5 0.123833
22 6 0.171623
23 7 0.219482
@cluster t.4 has 1 elements, 0 subclusters
18 25 0.000000
