# cluster file
# automatically generated on: Thu Feb 10 11:16:07 2022
# mode: rmsd, filetype: pdb, lsqfit: 0, selmode: heavy
@cluster t has 25 elements, 7 subclusters
1 1
2 10
3 11
4 12
5 13
6 14
7 15
8 16
9 17
10 18
11 19
12 2
13 20
14 21
15 22
16 23
17 24
18 25
19 3
20 4
21 5
22 6
23 7
24 8
25 9
@cluster t.1 has 2 elements, 0 subclusters
1 1 0.303985
24 8 0.303985
@cluster t.2 has 7 elements, 0 subclusters
2 10 0.605282
7 15 0.585338
12 2 0.561728
13 20 0.560957
14 21 0.437139
20 4 0.673754
23 7 0.757239
@cluster t.3 has 9 elements, 0 subclusters
3 11 0.453462
5 13 0.347279
8 16 0.602393
9 17 0.759549
16 23 0.794477
18 25 0.428201
19 3 0.734654
22 6 0.821636
25 9 0.293458
@cluster t.4 has 4 elements, 0 subclusters
4 12 0.453466
10 18 0.514600
11 19 0.805762
15 22 0.558213
@cluster t.5 has 1 elements, 0 subclusters
6 14 0.000000
@cluster t.6 has 1 elements, 0 subclusters
17 24 0.000000
@cluster t.7 has 1 elements, 0 subclusters
21 5 0.000000
