# cluster file
# automatically generated on: Wed Feb  9 14:48:17 2022
# mode: rmsd, filetype: pdb, lsqfit: 0, selmode: heavy
@cluster t has 25 elements, 7 subclusters
1 1
2 10
3 11
4 12
5 13
6 14
7 15
8 16
9 17
10 18
11 19
12 2
13 20
14 21
15 22
16 23
17 24
18 25
19 3
20 4
21 5
22 6
23 7
24 8
25 9
@cluster t.1 has 7 elements, 0 subclusters
1 1 0.296659
2 10 0.307313
6 14 0.452672
9 17 0.495070
11 19 0.239459
13 20 0.262450
21 5 0.352917
@cluster t.2 has 4 elements, 0 subclusters
3 11 0.246400
12 2 0.289665
18 25 0.255657
22 6 0.252441
@cluster t.3 has 3 elements, 0 subclusters
4 12 0.201549
16 23 0.140849
25 9 0.178010
@cluster t.4 has 6 elements, 0 subclusters
5 13 0.218409
7 15 0.239449
8 16 0.231219
14 21 0.242817
15 22 0.777301
23 7 0.168593
@cluster t.5 has 2 elements, 0 subclusters
10 18 0.107806
20 4 0.107806
@cluster t.6 has 1 elements, 0 subclusters
17 24 0.000000
@cluster t.7 has 2 elements, 0 subclusters
19 3 0.136652
24 8 0.136652
